3048 AntiMazur: /start   %
3049 AntiMazur: Привет!   %
3050 AntiMazur: Используйте дополнительную клавиатуру, чтобы выбрать действие   %
3051 AntiMazur: AntiMazur bot. Меняю все слова в текстах на синонимы.   %
3052 AntiMazur: Ок!   %
3053 AntiMazur: Используйте дополнительную клавиатуру, чтобы выбрать действие   %
3054 AntiMazur: Перевести текст в синонимы   %
3055 AntiMazur: Введите текст   %
3056 AntiMazur: когда я двадцать лет назад вёл паблик то вот брал его вот так и держал и в нём всегда была активность

всё нормально?

потому что наш паблик всегда комментировали олжас сулейменов и кэндзабуро оэ
а сейчас только андрей чепкасов и влад воеводов а гэшник как известно никогда не даёт ответ на вопрос он показывает что знает где находится необходимая для ответа информация и он действительно знает где находится необходимая для ответа информация а дэшники это вообще неудачный эксперимент у них нет своей собственной части халф лайфа и они не умеют работать с информацией

я понятно объясняю?

а сейчас админы паблика с их электронагревательными приборами даже не спрашивают себя почему мы ведём паблик именно ТАК почему именно ТАКИЕ посты мы постим почему именно ТАКОГО цвета у них аватарка почему именно ТАКИЕ песни кидает во вложения какой-то их знакомый гэшник

а ведь нужно только уточнить, уточнить, уточнить, уточнить, уточнить, уточнить, уточнить, уточнить, уточнить...

водрузите стулья, пожалуйста   %
3058 AntiMazur: когда я двадцать годиков назад вёл публичный то вот принимал его вот так и имел и в нём всегда жила боевитость

всё естественно?

потому что наш общественный всегда толковали олжас сулейменов и кэндзабуро оэ
а сейчас только андрей чепкасов и влад воеводов а гэшник как вести никогда не вкладывает автоответ на предмет он проявляет что знает где обретает обязательная для автоответа справка и он действительно знает где фигурирует неотложная для автоответа новость а дэшники это вообще неудобный опыт у них избавляет своей настоящей порции халф лайфа и они не могут делать с справкой

я ясно описываю?

а сейчас сисадмины публичного с их электронагревательными измерителями даже не зовут себя почему мы ведём публичный именно ТАК почему именно ЭДАКИЕ ответы мы сообщаем почему именно ПОДОБНОГО электрики у них картинка почему именно ТАКОВЫЕ песни посылает во инвестирования который-то их ведомый гэшник

а ведь надо только детализировать, конкретизировать, развить, конкретизировать, развить, специфицировать, конкретизировать, детализовать, конкретизировать...

водворите стульчаки, пожалуйста   %
3059 Kate: /start   %
3060 AntiMazur: AntiMazur bot. Меняю все слова в текстах на синонимы.   %
3061 Kate: Перевести текст в синонимы   %
3062 AntiMazur: Введите текст   %
3063 Kate: жопа с ручкой   %
3065 AntiMazur: проблема с рукоятью   %
3066 Kate: /about   %
3067 AntiMazur: AntiMazur bot for Telegram. Based on python w/ pyTelegramBotAPI and cloud platform heroku.
    
Copyright (C) 2020 Artmeiy Denisov. All Rights Reserved.
    
To use, simply click on Reply Keyboard Markup and donate me!   %
3068 AntiMazur: /start   %
3069 AntiMazur: AntiMazur bot. Меняю все слова в текстах на синонимы.   %
3070 dam_mek: Как поживаем?   %
3071 AntiMazur: Используйте дополнительную клавиатуру, чтобы выбрать действие   %
3072 dam_mek: Хорош)   %
3073 AntiMazur: Используйте дополнительную клавиатуру, чтобы выбрать действие   %
3074 dam_mek: None   %
3075 dam_mek: /help   %
3076 AntiMazur: Используйте дополнительную клавиатуру, чтобы выбрать действие   %
3077 AntiMazur: Перевести текст в синонимы   %
3078 AntiMazur: Введите текст   %
3079 AntiMazur: Залупа   %
3081 AntiMazur: Залупа   %
3082 dam_mek: Перевести текст в синонимы   %
3083 AntiMazur: Введите текст   %
3084 dam_mek: Перебив охрану
Влезть на территорию Богемской рощи
Или увидеть церемонию иллюминатов
Приоткрыв Букингемский дворец наощупь (эй-эй)
Или, купив гранату, с ней в клуб завалиться
Бильдербергский ночью, поебать:
Всё это заведомо проще, чем
Вашим попасть на БМ сыночкам
Ведь мы закрытый круг, как Римский клуб и Ситигруп
Сосите хуй   %
3086 AntiMazur: Нарушив защиту
Пробраться на область Богемской дубравы
Или посмотреть процедуру членов
Приотворив Букингемский пале наощупь (эй-эй)
Или, заплатив камню, с ней в яхт-клуб завалиться
Бильдербергский богиней, поебать:
Всё это явно свободнее, чем
Вашим определиться на БМ сынишкам
Ведь мы заткнутый около, как Античный единомышленник и Ситигруп
Мучайте хуй   %
3087 marcenuk: /start   %
3088 AntiMazur: AntiMazur bot. Меняю все слова в текстах на синонимы.   %
3089 marcenuk: Перевести текст в синонимы   %
3090 AntiMazur: Введите текст   %
3091 marcenuk: Мазур пизда вонючая   %
3093 AntiMazur: Мазур пизда смрадная   %
3094 marcenuk: Перевести текст в синонимы   %
3095 AntiMazur: Введите текст   %
3096 marcenuk: Антимазур говно ебаное, а мазура я в рот топтал в его же лаптях   %
3098 AntiMazur: Антимазур ничтожество ебаное, а мазура я в зев служил в его же лапотниках   %
3099 marcenuk: Нахуй мазура   %
3100 AntiMazur: Используйте дополнительную клавиатуру, чтобы выбрать действие   %
3101 marcenuk: Перевести текст в синонимы   %
3102 AntiMazur: Введите текст   %
3103 marcenuk: Нахуй мазура   %
3105 AntiMazur: Нахуй мазура   %
3106 AntiMazur: /help   %
3107 AntiMazur: Используйте дополнительную клавиатуру, чтобы выбрать действие   %
3108 AntiMazur: Перевести текст в синонимы   %
3109 AntiMazur: Введите текст   %
3110 AntiMazur: Добрый день   %
3112 AntiMazur: Хороший понедельник   %
3113 AntiMazur: Перевести текст в синонимы   %
3114 AntiMazur: Введите текст   %
3115 AntiMazur: Как дела   %
3117 AntiMazur: Как дела   %
3120 AntiMazur: Это новый кадиллак   %
3122 AntiMazur: Данное последний автомобиль   %
3123 dam_mek: /start   %
3124 AntiMazur: AntiMazur bot. Меняю все слова в текстах на синонимы.   %
3125 dam_mek: Пук   %
3126 AntiMazur: Используйте дополнительную клавиатуру, чтобы выбрать действие   %
3127 dam_mek: Перевести текст в синонимы   %
3128 AntiMazur: Введите текст   %
3129 dam_mek: Пук   %
3131 AntiMazur: Бунт   %
3132 dam_mek: Перевести текст в синонимы   %
3133 AntiMazur: Введите текст   %
3134 dam_mek: Money   %
3136 AntiMazur: Bill   %
3137 dam_mek: Перевести текст в синонимы   %
3138 AntiMazur: Введите текст   %
3139 dam_mek: Money   %
3141 AntiMazur: Fund   %
3142 dam_mek: /help   %
3143 AntiMazur: Используйте дополнительную клавиатуру, чтобы выбрать действие   %
3144 dam_mek: /help   %
3145 AntiMazur: Используйте дополнительную клавиатуру, чтобы выбрать действие   %
3146 dam_mek: /about   %
3147 AntiMazur: AntiMazur bot for Telegram. Based on python w/ pyTelegramBotAPI and cloud platform heroku.
    
Copyright (C) 2020 Artmeiy Denisov. All Rights Reserved.
    
To use, simply click on Reply Keyboard Markup and donate me!   %
3148 dam_mek: /feedback   %
3149 AntiMazur: Если есть вопросы, писать:
@dam_mek или ему

Лайки ставить ему   %
3150 AntiMazur: Если есть вопросы, писать:
@dam_mek или ему

Лайки ставить ему   %
3151 AntiMazur: Используйте дополнительную клавиатуру, чтобы выбрать действие   %
3152 dam_mek: /feedback   %
3153 AntiMazur: Если есть вопросы, писать:
@dam_mek или ему

Лайки ставить ему   %
3154 dam_mek: /help   %
3155 AntiMazur: Используйте дополнительную клавиатуру, чтобы выбрать действие   %
3156 dam_mek: /about   %
3157 AntiMazur: AntiMazur bot for Telegram. Based on python w/ pyTelegramBotAPI and cloud platform heroku.
    
Copyright (C) 2020 Artmeiy Denisov. All Rights Reserved.
    
To use, simply click on Reply Keyboard Markup and donate me!   %
3158 dam_mek: /feedback   %
3159 AntiMazur: Если есть вопросы, писать:
@dam_mek или ему

Лайки ставить ему   %
3160 dam_mek: /log   %
3161 AntiMazur: Всё сделано, Мой Господин   %
3162 dam_mek: /help   %
3163 AntiMazur: Используйте дополнительную клавиатуру, чтобы выбрать действие   %
3164 dam_mek: /log   %
3165 AntiMazur: Всё сделано, Мой Господин   %
3166 dam_mek: /feedback   %
3167 AntiMazur: Если есть вопросы, писать:
@dam_mek или ему

Лайки ставить ему   %
3168 dam_mek: /help   %
3169 AntiMazur: Используйте дополнительную клавиатуру, чтобы выбрать действие   %
3170 dam_mek: /about   %
3171 AntiMazur: AntiMazur bot for Telegram. Based on python w/ pyTelegramBotAPI and cloud platform heroku.
    
Copyright (C) 2020 Artmeiy Denisov. All Rights Reserved.
    
To use, simply click on Reply Keyboard Markup and donate me!   %
3172 dam_mek: /feedback   %
3173 AntiMazur: Если есть вопросы, писать:
@dam_mek или ему

Лайки ставить ему   %
3174 dam_mek: /log   %
3175 AntiMazur: Всё сделано, Мой Господин   %
3176 dam_mek: Тип   %
3177 AntiMazur: Используйте дополнительную клавиатуру, чтобы выбрать действие   %
3178 dam_mek: /about   %
3179 AntiMazur: AntiMazur bot for Telegram. Based on python w/ pyTelegramBotAPI and cloud platform heroku.
    
Copyright (C) 2020 Artmeiy Denisov. All Rights Reserved.
    
To use, simply click on Reply Keyboard Markup and donate me!   %
3180 dam_mek: /start   %
3181 AntiMazur: AntiMazur bot. Меняю все слова в текстах на синонимы.   %
3182 dam_mek: /about   %
3183 AntiMazur: AntiMazur bot for Telegram. Based on python w/ pyTelegramBotAPI and cloud platform heroku.
    
Copyright (C) 2020 Artmeiy Denisov. All Rights Reserved.
    
To use, simply click on Reply Keyboard Markup and donate me!   %
3184 dam_mek: /help   %
3185 AntiMazur: Используйте дополнительную клавиатуру, чтобы выбрать действие   %
3186 dam_mek: /log   %
3187 AntiMazur: Всё сделано, Мой Господин   %
3188 Калачиков: Перевести текст в синонимы   %
3189 AntiMazur: Введите текст   %
3190 Калачиков: А как вообще обстоят дела с пенисами   %
3191 AntiMazur: Сделано: 43%   %
3192 Калачиков: Ало   %
3193 AntiMazur: Используйте дополнительную клавиатуру, чтобы выбрать действие   %
3194 Калачиков: Перевести текст в синонимы   %
3195 AntiMazur: Введите текст   %
3196 Калачиков: Письки и сиськи едины вместе   %
3198 AntiMazur: Письки и титьки целы вместе   %
3199 Калачиков: Перевести текст в синонимы   %
3200 AntiMazur: Введите текст   %
3201 Калачиков: Если каждый день дрочить хуй можно ослепнуть но если этого не делать ты станешь Кириллом)))   %
3202 AntiMazur: Сделано: 32%   %
3203 dam_mek: /about   %
3204 AntiMazur: AntiMazur bot for Telegram. Based on python w/ pyTelegramBotAPI and cloud platform heroku.
    
Copyright (C) 2020 Artmeiy Denisov. All Rights Reserved.
    
To use, simply click on Reply Keyboard Markup and donate me!   %
3205 dam_mek: Перевести текст в синонимы   %
3206 AntiMazur: Введите текст   %
3207 dam_mek: AntiMazur bot for Telegram. Based on python w/ pyTelegramBotAPI and cloud platform heroku.
    
Copyright (C) 2020 Artmeiy Denisov. All Rights Reserved.
    
To use, simply click on Reply Keyboard Markup and donate me!   %
3209 dam_mek: Р   %
3210 AntiMazur: Используйте дополнительную клавиатуру, чтобы выбрать действие   %
3211 dam_mek: Перевести текст в синонимы   %
3212 AntiMazur: Введите текст   %
3213 dam_mek: AntiMazur bot for Telegram. Based on python w/ pyTelegramBotAPI and cloud platform heroku.
    
Copyright (C) 2020 Artmeiy Denisov. All Rights Reserved.
    
To use, simply click on Reply Keyboard Markup and donate me!   %
3215 AntiMazur: antimazur bot as Cablegram. Planted on python w/ pytelegrambotapi furthermore darkness podium heroku.
    
Trust (C) 2020 Artmeiy Denisov. Full Authority Distant.
    
To need, easily clack on Reaction Clavier Increase furthermore contribute me!   %
3216 AntiMazur: antimazur bot considering Cable. Occupying on python w/ pytelegrambotapi also gloom dais heroku.
    
Cartel (C) 2020 Artmeiy Denisov. Full Benefit Modest.
    
To handling, easily bang on Feedback Clavier Increase also devote me!   %
3217 dam_mek: /log   %
3218 AntiMazur: Всё сделано, Мой Господин   %
3219 dam_mek: /help   %
3220 AntiMazur: Используйте дополнительную клавиатуру, чтобы выбрать действие   %
3221 dam_mek: /about   %
3222 AntiMazur: AntiMazur bot for Telegram. Based on python w/ pyTelegramBotAPI and cloud platform heroku.
    
Copyright (C) 2020 Artmeiy Denisov. All Rights Reserved.
    
To use, simply click on Reply Keyboard Markup and donate me!   %
3223 dam_mek: /feedback   %
3224 AntiMazur: Если есть вопросы, писать:
@dam_mek или ему

Лайки ставить ему   %
3225 dam_mek: Перевести текст в синонимы   %
3226 AntiMazur: Введите текст   %
3227 dam_mek: Пук   %
3229 AntiMazur: Пучок   %
3230 Serpent: /start   %
3231 dam_mek: /log   %
3232 AntiMazur: Всё сделано, Мой Господин   %
3233 dam_mek: Пук   %
3234 AntiMazur: Используйте дополнительную клавиатуру, чтобы выбрать действие   %
3235 dam_mek: Пук   %
3236 AntiMazur: Используйте дополнительную клавиатуру, чтобы выбрать действие   %
3237 dam_mek: ТФпук   %
3238 AntiMazur: Используйте дополнительную клавиатуру, чтобы выбрать действие   %
3239 dam_mek: /feedback   %
3240 AntiMazur: Если есть вопросы, писать:
@dam_mek или ему

Лайки ставить ему   %
3241 dam_mek: /help   %
3242 AntiMazur: Используйте дополнительную клавиатуру, чтобы выбрать действие   %
3243 dam_mek: Перевести текст в синонимы   %
3244 AntiMazur: Введите текст   %
3245 dam_mek: Пук пукичи пуки   %
3247 AntiMazur: Пучок пукичи пучки   %
3248 dam_mek: Перевести текст в синонимы   %
3249 AntiMazur: Введите текст   %
3250 dam_mek: Пук пукичи пуки   %
3252 AntiMazur: Букетик пукичи букеты   %
3253 dam_mek: /log   %
3254 AntiMazur: Всё сделано, Мой Господин   %
3255 Kate: Перевести текст в синонимы   %
3256 AntiMazur: Введите текст   %
3257 Kate: мафиози в деле   %
3259 AntiMazur: преступник в ремесле   %
3260 marcenuk: Перевести текст в синонимы   %
3261 AntiMazur: Введите текст   %
3262 marcenuk: Пошёл нафиг   %
3263 AntiMazur: Сделано: 0%   %
3264 Калачиков: А   %
3265 AntiMazur: Используйте дополнительную клавиатуру, чтобы выбрать действие   %
3266 Калачиков: Перевести текст в синонимы   %
3267 AntiMazur: Введите текст   %
3268 Калачиков: Кислотный весельчак   %
3270 AntiMazur: Слабокислотный бонвиан   %
3271 Калачиков: Хахахахаха   %
3272 AntiMazur: Используйте дополнительную клавиатуру, чтобы выбрать действие   %
3273 Калачиков: Перевести текст в синонимы   %
3274 AntiMazur: Введите текст   %
3275 Калачиков: Сахарный человек   %
3277 AntiMazur: Слабый мужчина   %
3278 SPB_Ilya_Zak: /start   %
3279 AntiMazur: AntiMazur bot. Меняю все слова в текстах на синонимы.   %
3280 SPB_Ilya_Zak: Я хочу умереть   %
3281 AntiMazur: Используйте дополнительную клавиатуру, чтобы выбрать действие   %
3282 SPB_Ilya_Zak: Перевести текст в синонимы   %
3283 AntiMazur: Введите текст   %
3284 SPB_Ilya_Zak: Я хочу умереть   %
3285 AntiMazur: Сделано: 33%   %
3286 SPB_Ilya_Zak: Привет   %
3287 AntiMazur: Используйте дополнительную клавиатуру, чтобы выбрать действие   %
3288 SPB_Ilya_Zak: Перевести текст в синонимы   %
3289 AntiMazur: Введите текст   %
3290 SPB_Ilya_Zak: Собака   %
3292 AntiMazur: Шавка   %
3293 SPB_Ilya_Zak: Все думали что он целый день   %
3294 AntiMazur: Используйте дополнительную клавиатуру, чтобы выбрать действие   %
3295 SPB_Ilya_Zak: Перевести текст в синонимы   %
3296 AntiMazur: Введите текст   %
3297 SPB_Ilya_Zak: Я хочу умереть   %
3298 AntiMazur: Сделано: 33%   %
3299 SPB_Ilya_Zak: Я гей   %
3300 AntiMazur: Используйте дополнительную клавиатуру, чтобы выбрать действие   %
3301 SPB_Ilya_Zak: Перевести текст в синонимы   %
3302 AntiMazur: Введите текст   %
3303 SPB_Ilya_Zak: Я гей   %
3305 AntiMazur: Я петух   %
3306 SPB_Ilya_Zak: Привет   %
3307 AntiMazur: Используйте дополнительную клавиатуру, чтобы выбрать действие   %
3308 SPB_Ilya_Zak: Перевести текст в синонимы   %
3309 AntiMazur: Введите текст   %
3310 SPB_Ilya_Zak: Я шёл к лесной реке   %
3311 AntiMazur: Сделано: 20%   %
3312 SPB_Ilya_Zak: П   %
3313 AntiMazur: Используйте дополнительную клавиатуру, чтобы выбрать действие   %
3314 SPB_Ilya_Zak: /about   %
3315 AntiMazur: AntiMazur bot for Telegram. Based on python w/ pyTelegramBotAPI and cloud platform heroku.
    
Copyright (C) 2020 Artmeiy Denisov. All Rights Reserved.
    
To use, simply click on Reply Keyboard Markup and donate me!   %
3316 SPB_Ilya_Zak: /feedback   %
3317 AntiMazur: Если есть вопросы, писать:
@dam_mek или ему

Лайки ставить ему   %
3318 SPB_Ilya_Zak: Перевести текст в синонимы   %
3319 AntiMazur: Введите текст   %
3320 SPB_Ilya_Zak: Целый день я посвящаю своему несчастью.
Оно вложено в меня, как вещь. 
Я чувсвтвую его как вещь
Я не могу думать ни о чем кроме него

Я пытаюсь выразить его, но оно слишком понятно мне. 
Получается просто Я НЕСЧАСТЕН Я НЕСЧАСТЕН Я НЕСЧАСТЕН.

Мне стыдно говорить о несчастье прямо. 
Я вынужден писать заметки о разрушительной
природе либерализма. Получается плохо.   %
3321 AntiMazur: Сделано: 5%   %
3322 dam_mek: /log   %
3323 AntiMazur: Всё сделано, Мой Господин   %
3324 Калачиков: Перевести текст в синонимы   %
3325 AntiMazur: Введите текст   %
3326 Калачиков: Можешь ли вообразить, Никита, случилось невероятное: результаты по географии получил. Три балла! Три балла, черт побери. Два года!.. Два года ходил на дополнительные занятия, мать оплачивала, оплачивала. Говорила, "Если иное чем бюджет, то кануть тебе в небытие... Или пройти военную службу". Говорила, "Усердствуй, усердствуй!". Три первичных балла, НЕМЫСЛИМО!
Чтоб их, в четвертом задании: "Выберите страну", ответ — Россия. Признаю, совершил оплошность: написал с одной "С". Но тем не менее мне не засчитывают это задание! Это что им, экзамен по русскому или как?!
Чтоб их, в 17-ом задании ответ был "Берингов пролив". И я написал "Берингов водоем". Какая, черт возьми, разница? Пролив-не пролив — одного рода субстанция — лужа проклятая... И что? Ноль баллов — вот что! Треклятая Марианна Васильевна внушала решимость: "Удачи, запомни флаги, подготовься". Разбудила меня... Как знал что не следовало мне тратить попусту время на это! А-а-а-а-а! Быть беде! Быть беде!
Пришел, значится, на экзамен, и у меня при себе калькулятор, линейка. А мне сообщают: "А где ваш транспортир?". И в мыслях у меня мелькнуло: "Что?! Какой к черту транспортир?". Говорят: "Покидай аудиторию". Я: "Что это еще значит?!". "И каким образом Вы азимут будете вычислять?". Но не вопрос. Нашел транспортир, начал экзамен, и собираюсь вычислять азимут. Однако вместо 92-ух 93 градуса показывает, транспортир этот. Тем не менее, я записываю ответ "92". И как думаете, какое решение верно? Да, черт побери, сто восемь! СТО ВОСЕМЬ!!!   %
3327 AntiMazur: Сделано: 0%   %
3328 Kira: Перевести текст в синонимы   %
3329 AntiMazur: Введите текст   %
3330 Kira: Пососи   %
3331 AntiMazur: Сделано: 0%   %
3332 Kira: Пососи   %
3333 AntiMazur: [Интро]
Попей!

[Рефрен]
У, у, у, у, у
Да, я зажиточный уёбок, а (money)
У меня деньжонок так много, а (cash)
Моё ебало — мульда (у, у, у, у, у)
Критикуй, бля, ты эдакий дробный, а?
Ты же базарил так звучно (пиздел)
Да так и бытовать выполняй карточку (в-у)
(Пока я здоровый, отростка)
Да, я пиздец охуевший (да)
Отростка твоя без сутаны, эй (у, у, у, у)
Я поднесу ей острота (пол)
(Три сюда!)
Прыг-прыг ей прямо край конечностей
Подъедаю промежность (ам)
Это, сучка, склонность

[Куплет 1]
Осуждай ты мне сча возразишь? (а-а?)
Сучка, ты сынишка частный (мучить!)
Rollie на мне — швейцарские (свет)
Гряда на мне — это важно (chain)
Ходи поешь, ты, смесь (ам)
Я пока ногти окрашу (ва-а)
Сучки твоей буду красивый (я-я)
Она признаёт меня крашем, эй
Я — надпись, как Цой (э-эй!)
Но этакий мальчишка (как Цой!)
Смирился лепёшкой (ав-у-у!)
Считай, типа безголовый (эй)
Считай эго, мне похуй (похуй)
Чё, dababy? Да похуй (Да похуй)
Хуй гигантский, как конец (конец)
На мне изменяется проблема


[Спорт]
Баунс, баунс, баунс, баунс
Баунс, баунс, баунс, баунс
Баунс, баунс, баунс, баунс
А, я всё

[Куплет 2]
Остроты в бахтарму, отростка
Я тебе чё, Иуда? (what?)
С королевством делал? (дожидается)
Не, но теперь буду (е)
Чё ещё? Типа дворецкий? (what?)
Свершил деньжата на дураках? (дебилах)
Да, это так, но на дебилах, что хейтят меня в комментариях! (ва-х)

[Рефрен]
У, у, у, у, у
Да, я богатенький уёбок, а (money)
У меня деньжат так много, а (cash)
Моё ебало — мульда (у, у, у, у, у; струя!)
Брани, бля, ты таковой дробный, а?
Ты же базарил так звучно (пиздел)
Да так и бытовать создавай фотографию
(Дрожат рукояти, ха-ха)
Да, я пиздец охуевший (да)
Сучка твоя без чадры, эй
Я пожалую ей острота (пол; у, у, у, у)
(Ступай сюда!)
Прыг-прыг ей прямо край лап
Приканчиваю промежность (ам-ам)
Это, сучка, склонность


[Аутро]
*Репутация, что ты сд—*   %
3334 Kira: Айс   %
3335 AntiMazur: [Монастырь]
А-а, я не дам хлебец
Я металлург, подвизаюсь три периода, ы-а
Без платы, у-а, я не передам, я жаден
Эй, затроньте свой лом

[Код Саунд-продюсера: Slava Marlow]
*Популярность, что ты изготовил?*

[Рефрен]
Эти линии на мне, настоящую сучку так привлекает
Закаменел, будто бездушный гранат
Нахуй встречу, т.к. мы не выступаем
Разберу всё, будто бы я вахлак
Эти линии на—

[Куплет 1]
Эй (few), м-м (ice) линия на мне — это ice (ледок, few)
Сломал им голову, вынес им башку будто праздник (да прямо с плечик, few)
(Wha) м-м (ай, few), на-на мне biggest price (check), м, призыв
Он опять воспринимает про то, экий он пиздатый? (ага!)
Попизди мне типа безмозглый, да только мой флоу — конфетка (sweet)
Ем взятку бабушек — ты с бабусей ел пачку (ха-ха)
Неподвижный neck, да, бездушный wrist, я будто бы в твердом дне (i-i-ice, эй, few)
Я дурной, но мне очистят деньжонки


[Спорт]
Эти гряды на мне, таковую отростку так зовёт
Закамен— (ah!)

[Куплет 2: MORGENSHTERN, Азиз Аминович]
Выебал настоящую, а, хм (ah-ah!)
Выебал данную thottie (a-ah!)
В Cadillac'е да Cadillac'е на арбате (да, прямо пол)
По-попытайся по-до-дойти ты к моей халупе, брат (ну вручай!)
Азиз Аминович, (хозяин?) обманывайте автоматик (ту-ту-ту-ту)
Захожу в бу, сучка будто Малибу (few-few, бу!)
Я ебу её так глупо, как ебу линию (ебу, ah!)
Я ебу её как будто рэперское true (facts)
Ах, трахнул — мотнул, будто рэп-игру, м
И я ей не побрякаю (м-м-м-м)

[Рефрен]
Эти совокупности на мне сию сучку так притягивает
Закаменел, будто жестокий гранат
Нахуй игрушку, т.к. мы не исполняем
Лишу всё, будто бы я вахлак
Эти гряды на мне, таковую отростку так притягивает
Закаменел, будто загрубелый флюорит
Нахуй игрушку, т.к. мы не исполняем
Лишу всё, будто бы я крымчанин
Эти гряды на мне   %
3336 Kira: Кадиллак   %
3337 AntiMazur: [Интро: MORGENSHTERN]
*Осанна, что ты нашёл?*
Ха

[Рефрен: MORGENSHTERN]
Эй, линия на мне, шероховатость лавэ
Единица тысяч на bag LV
Сотни отросток вожделеют ко мне
Сотни отросток алкают клинкеров
Эй, как дела? Как дела?
Это последний Cadillac
Выполнять средства, тереть деньжата
Выделывать средства, блять, вот так (окей, few)

[Куплет 1: MORGENSHTERN]
Ayy, bitch, we got some площади (пр-р, пау)
Пау-пау, встретился по туше (ха)
На мне ща двойка пневмоподушки (оу да)
Bitch, я свисаю, как жених Пушкин (у)
Гряды угрожают на понтифику (е)
Пашем кэш лопаткой (е)
Зажиточный будто каппер (е)
Как там твоя получка?


[Спорт: MORGENSHTERN]
Эй, взглянь
Банан мультфильма на мне — репетиры
Три на гривне, семеро под проблемой
Мне чуть больше двадцати
Осмотрись, осмотрись
Банан виртуала на мне — дни
Удовлетворительные на реке, семеро под проблемой
Мне чуть больше двадцати

[Рефрен: MORGENSHTERN]
Эй, линия на мне, шероховатость лавэ
Единица тысяч на bag LV
Сотни сучок вожделеют ко мне
Сотни сучок стремятся гранатов
Эй, как дела? Как дела?
Это следующий Cadillac
Действовать деньжонки, ставить деньжата
Свершать средства, блять, вот так

[Куплет 2: Элджей]
I am busy, мне похуй на дефицит, я в нём возник (уа-уа-уа)
Кто о чём грезил, то мы и получили на удар (бля-я)
Эдлиб здоровей, чем полный мелодичный турбизнес (блё-блё)
Таковой фит стрельнёт внезапнее, чем ко-ро-на-ви-рус
Sayonara "Sick" Boy
Это мой угол, это мой жон
Это мой дворик, ебейший chill zone
Зеленый японец с ясным навесом
Под сильным биржевым осадком
(Кх-кх-кх) Фенимор Купер
Пируэт лукбука
Твоя подруга дрочит
На мой автомобиль у единомышленника   %
3338 dam_mek: Перевести текст в синонимы   %
3339 AntiMazur: Введите текст   %
3340 dam_mek: Гаджет   %
3342 AntiMazur: Планшет   %
3343 dam_mek: Перевести текст в синонимы   %
3344 AntiMazur: Введите текст   %
3345 dam_mek: Гаджет   %
3347 AntiMazur: Планшет   %
3348 dam_mek: Перевести текст в синонимы   %
3349 AntiMazur: Введите текст   %
3350 dam_mek: Гаджет   %
3352 AntiMazur: Планшет   %
3353 dam_mek: Перевести текст в синонимы   %
3354 AntiMazur: Введите текст   %
3355 dam_mek: Гаджет   %
3357 AntiMazur: Планшет   %
3358 dam_mek: Перевести текст в синонимы   %
3359 AntiMazur: Введите текст   %
3360 dam_mek: Гаджеты   %
3362 AntiMazur: Планшеты   %
3363 dam_mek: Перевести текст в синонимы   %
3364 AntiMazur: Введите текст   %
3365 dam_mek: Гаджеты   %
3367 AntiMazur: Айфоны   %
3368 dam_mek: Перевести текст в синонимы   %
3369 AntiMazur: Введите текст   %
3370 dam_mek: Гаджеты   %
3372 AntiMazur: Айфоны   %
3373 dam_mek: Перевести текст в синонимы   %
3374 AntiMazur: Введите текст   %
3375 dam_mek: Гаджеты   %
3377 AntiMazur: Айфоны   %
3378 dam_mek: Перевести текст в синонимы   %
3379 AntiMazur: Введите текст   %
3380 dam_mek: Гаджеты   %
3382 AntiMazur: Айфоны   %
3383 dam_mek: Перевести текст в синонимы   %
3384 AntiMazur: Введите текст   %
3385 dam_mek: Гаджеты   %
3387 AntiMazur: Айфоны   %
3388 dam_mek: Перевести текст в синонимы   %
3389 AntiMazur: Введите текст   %
3390 dam_mek: Гаджеты   %
3392 AntiMazur: Планшеты   %
3393 dam_mek: Перевести текст в синонимы   %
3394 AntiMazur: Введите текст   %
3395 dam_mek: Гаджет   %
3397 AntiMazur: Планшет   %
3398 dam_mek: Перевести текст в синонимы   %
3399 AntiMazur: Введите текст   %
3400 dam_mek: Ебаный рот этого казино, блять. Ты кто такой, сука? Чтоб это сделать?
Вы че, дибилы? Вы че, ебанутые? Вы внатуре ебанутые.
Эта сидит там, чешет колоду, блять. Этот стоит, говорит "Я тебе щас тоже раздам"... Еб твою мать, у вас дилер есть, чтоб это делать на моих глазах, мудак ебаный! Дегенерат ебучий! Вот пока ты это делал, дибил ебаный, сука, блять, так все и происходило! ХУИПИ!
Блять, вы че, действительно идиоты, а? Блять, дифиченты какие-то, ебаный ваш рот, а. Ты че делаешь?!
ЕБАНЫЙ ТВОЙ РОТ, КАКОГО ХУЯ ОНИ В ДРУГОМ ПОРЯДКЕ РАЗЛОЖЕНЫ, ТЫ РАСПЕЧАТАЛА КОЛОДУ НА МОИХ ГЛАЗАХ, БЛЯТЬ! КАК ОНИ МОГУТ БЫТЬ ТАМ РАЗЛОЖЕНЫ В ДРУГОМ ПОРЯДКЕ? ЕБАНЫЙ ТВОЙ РОТ, БЛЯТЬ, ВЫ ЧЕ, В КИОСКАХ ИХ ЗАРЯЖАЕТЕ? СУКА ЕБАНАЯ, ПАДЛА БЛЯДСКАЯ! ТЫ МУДИЛО ГОРОХОВОЕ, как заряжен?! Как запечатанная колода может быть в другом порядке разложена?! ТЫ ДОЛБОЕБ ЕБАНЫЙ! ТЫ МУДИЛО ЕБУЧЕЕ, ВЫ ВО ЧТО ИГРАЕТЕ? СУКА ЕБАНАЯ, ПАДЛА! Я РОТ ТВОЙ ЕБАЛ, ВЫ БЛЯДИ, ПОКУПАЙТЕ КАРТЫ НЕ В КИОСКАХ! ВЫ ЧЕ, ЕБАНУТЫЕ, СУКА? ТЫ МУДИЛО, КАК МОЖЕТ В КАЗИНО БЫТЬ КОЛОДА РАЗЛОЖЕНА В ДРУГОМ ПОРЯДКЕ? ТЫ ЧЕ, БРЕДИШЬ ЧТОЛИ? ЕБАНЫЙ ТВОЙ РОТ, А! ТЫ ЧЕ, БРЕДИШЬ, СУКА? БЛЯТЬ, ДЕГЕНЕРАТИВНОЕ ХУЙЛО, ТЫ БРЕДИШЬ ЧТОЛИ? ТЫ ЧЕ, БРЕДИШЬ, БЛЯТЬ? КАК В КАЗИНО КАРТЫ МОГУТ БЫТЬ ПО-ДРУГОМУ РАЗЛОЖЕНЫ? ТЫ ЧО, ДУРАК, БЛЯТЬ? ЕБАНЫЙ КОЗЕЛ, I FUCK YOUR BULLSHIT... SHIT!
Я специально, я щас им расскажу, что вы тут исполняете! ВЫ ЧО, ДИБИЛЫ, БЛЯДЬ? ВЫ ЧО, ДИБИЛЫ, СУКА? Как в казино в запечатанной пачке может быть разложены по-другому карты, вы че?! ТЫ МУДИЛО ГОРОХОВОЕ, ВЫ ГДЕ ИХ БЕРЕТЕ, БЛЯДИ? ВЫ МУДИЛЫ! Вы че... блять. Еб твою мать, в казино, сука, карты разложены по-другому! ТЫ ЧЕ, ДУРАК, ЕБАНЫЙ ТВОЙ РОТ? ТЫ ЧЕ, КРЕТИН ЧТОЛИ? ТЫ ДЕГЕНЕРАТИВНЫЙ КРЕТИН, ты понимаешь, что ты говоришь вообще?! Ты говоришь, что в казино, в запечатанных колодах карты разложены по-другому?!   %
3401 AntiMazur: Сделано: 4%   %
3402 dam_mek: Чел   %
3403 AntiMazur: Используйте дополнительную клавиатуру, чтобы выбрать действие   %
3404 dam_mek: Перевести текст в синонимы   %
3405 AntiMazur: Введите текст   %
3406 dam_mek: Ебаный рот этого казино, блять. Ты кто такой, сука? Чтоб это сделать?
Вы че, дибилы? Вы че, ебанутые? Вы внатуре ебанутые.
Эта сидит там, чешет колоду, блять. Этот стоит, говорит "Я тебе щас тоже раздам"... Еб твою мать, у вас дилер есть, чтоб это делать на моих глазах, мудак ебаный! Дегенерат ебучий! Вот пока ты это делал, дибил ебаный, сука, блять, так все и происходило! ХУИПИ!
Блять, вы че, действительно идиоты, а? Блять, дифиченты какие-то, ебаный ваш рот, а. Ты че делаешь?!
ЕБАНЫЙ ТВОЙ РОТ, КАКОГО ХУЯ ОНИ В ДРУГОМ ПОРЯДКЕ РАЗЛОЖЕНЫ, ТЫ РАСПЕЧАТАЛА КОЛОДУ НА МОИХ ГЛАЗАХ, БЛЯТЬ! КАК ОНИ МОГУТ БЫТЬ ТАМ РАЗЛОЖЕНЫ В ДРУГОМ ПОРЯДКЕ? ЕБАНЫЙ ТВОЙ РОТ, БЛЯТЬ, ВЫ ЧЕ, В КИОСКАХ ИХ ЗАРЯЖАЕТЕ? СУКА ЕБАНАЯ, ПАДЛА БЛЯДСКАЯ! ТЫ МУДИЛО ГОРОХОВОЕ, как заряжен?! Как запечатанная колода может быть в другом порядке разложена?! ТЫ ДОЛБОЕБ ЕБАНЫЙ! ТЫ МУДИЛО ЕБУЧЕЕ, ВЫ ВО ЧТО ИГРАЕТЕ? СУКА ЕБАНАЯ, ПАДЛА! Я РОТ ТВОЙ ЕБАЛ, ВЫ БЛЯДИ, ПОКУПАЙТЕ КАРТЫ НЕ В КИОСКАХ! ВЫ ЧЕ, ЕБАНУТЫЕ, СУКА? ТЫ МУДИЛО, КАК МОЖЕТ В КАЗИНО БЫТЬ КОЛОДА РАЗЛОЖЕНА В ДРУГОМ ПОРЯДКЕ? ТЫ ЧЕ, БРЕДИШЬ ЧТОЛИ? ЕБАНЫЙ ТВОЙ РОТ, А! ТЫ ЧЕ, БРЕДИШЬ, СУКА? БЛЯТЬ, ДЕГЕНЕРАТИВНОЕ ХУЙЛО, ТЫ БРЕДИШЬ ЧТОЛИ? ТЫ ЧЕ, БРЕДИШЬ, БЛЯТЬ? КАК В КАЗИНО КАРТЫ МОГУТ БЫТЬ ПО-ДРУГОМУ РАЗЛОЖЕНЫ? ТЫ ЧО, ДУРАК, БЛЯТЬ? ЕБАНЫЙ КОЗЕЛ, I FUCK YOUR BULLSHIT... SHIT!
Я специально, я щас им расскажу, что вы тут исполняете! ВЫ ЧО, ДИБИЛЫ, БЛЯДЬ? ВЫ ЧО, ДИБИЛЫ, СУКА? Как в казино в запечатанной пачке может быть разложены по-другому карты, вы че?! ТЫ МУДИЛО ГОРОХОВОЕ, ВЫ ГДЕ ИХ БЕРЕТЕ, БЛЯДИ? ВЫ МУДИЛЫ! Вы че... блять. Еб твою мать, в казино, сука, карты разложены по-другому! ТЫ ЧЕ, ДУРАК, ЕБАНЫЙ ТВОЙ РОТ? ТЫ ЧЕ, КРЕТИН ЧТОЛИ? ТЫ ДЕГЕНЕРАТИВНЫЙ КРЕТИН, ты понимаешь, что ты говоришь вообще?! Ты говоришь, что в казино, в запечатанных колодах карты разложены по-другому?!   %
3407 AntiMazur: Сделано: 4%   %
3408 dam_mek: Чел ты...   %
3409 AntiMazur: Используйте дополнительную клавиатуру, чтобы выбрать действие   %
3410 dam_mek: Ебаный рот этого казино, блять. Ты кто такой, сука? Чтоб это сделать?
Вы че, дибилы? Вы че, ебанутые? Вы внатуре ебанутые.
Эта сидит там, чешет колоду, блять. Этот стоит, говорит "Я тебе щас тоже раздам"... Еб твою мать, у вас дилер есть, чтоб это делать на моих глазах, мудак ебаный! Дегенерат ебучий! Вот пока ты это делал, дибил ебаный, сука, блять, так все и происходило! ХУИПИ!
Блять, вы че, действительно идиоты, а? Блять, дифиченты какие-то, ебаный ваш рот, а. Ты че делаешь?!
ЕБАНЫЙ ТВОЙ РОТ, КАКОГО ХУЯ ОНИ В ДРУГОМ ПОРЯДКЕ РАЗЛОЖЕНЫ, ТЫ РАСПЕЧАТАЛА КОЛОДУ НА МОИХ ГЛАЗАХ, БЛЯТЬ! КАК ОНИ МОГУТ БЫТЬ ТАМ РАЗЛОЖЕНЫ В ДРУГОМ ПОРЯДКЕ? ЕБАНЫЙ ТВОЙ РОТ, БЛЯТЬ, ВЫ ЧЕ, В КИОСКАХ ИХ ЗАРЯЖАЕТЕ? СУКА ЕБАНАЯ, ПАДЛА БЛЯДСКАЯ! ТЫ МУДИЛО ГОРОХОВОЕ, как заряжен?! Как запечатанная колода может быть в другом порядке разложена?! ТЫ ДОЛБОЕБ ЕБАНЫЙ! ТЫ МУДИЛО ЕБУЧЕЕ, ВЫ ВО ЧТО ИГРАЕТЕ? СУКА ЕБАНАЯ, ПАДЛА! Я РОТ ТВОЙ ЕБАЛ, ВЫ БЛЯДИ, ПОКУПАЙТЕ КАРТЫ НЕ В КИОСКАХ! ВЫ ЧЕ, ЕБАНУТЫЕ, СУКА? ТЫ МУДИЛО, КАК МОЖЕТ В КАЗИНО БЫТЬ КОЛОДА РАЗЛОЖЕНА В ДРУГОМ ПОРЯДКЕ? ТЫ ЧЕ, БРЕДИШЬ ЧТОЛИ? ЕБАНЫЙ ТВОЙ РОТ, А! ТЫ ЧЕ, БРЕДИШЬ, СУКА? БЛЯТЬ, ДЕГЕНЕРАТИВНОЕ ХУЙЛО, ТЫ БРЕДИШЬ ЧТОЛИ? ТЫ ЧЕ, БРЕДИШЬ, БЛЯТЬ? КАК В КАЗИНО КАРТЫ МОГУТ БЫТЬ ПО-ДРУГОМУ РАЗЛОЖЕНЫ? ТЫ ЧО, ДУРАК, БЛЯТЬ? ЕБАНЫЙ КОЗЕЛ, I FUCK YOUR BULLSHIT... SHIT!
Я специально, я щас им расскажу, что вы тут исполняете! ВЫ ЧО, ДИБИЛЫ, БЛЯДЬ? ВЫ ЧО, ДИБИЛЫ, СУКА? Как в казино в запечатанной пачке может быть разложены по-другому карты, вы че?! ТЫ МУДИЛО ГОРОХОВОЕ, ВЫ ГДЕ ИХ БЕРЕТЕ, БЛЯДИ? ВЫ МУДИЛЫ! Вы че... блять. Еб твою мать, в казино, сука, карты разложены по-другому! ТЫ ЧЕ, ДУРАК, ЕБАНЫЙ ТВОЙ РОТ? ТЫ ЧЕ, КРЕТИН ЧТОЛИ? ТЫ ДЕГЕНЕРАТИВНЫЙ КРЕТИН, ты понимаешь, что ты говоришь вообще?! Ты говоришь, что в казино, в запечатанных колодах карты разложены по-другому?!   %
3411 AntiMazur: Используйте дополнительную клавиатуру, чтобы выбрать действие   %
3412 dam_mek: Перевести текст в синонимы   %
3413 AntiMazur: Введите текст   %
3414 dam_mek: Ебаный рот этого казино, блять. Ты кто такой, сука? Чтоб это сделать?
Вы че, дибилы? Вы че, ебанутые? Вы внатуре ебанутые.
Эта сидит там, чешет колоду, блять. Этот стоит, говорит "Я тебе щас тоже раздам"... Еб твою мать, у вас дилер есть, чтоб это делать на моих глазах, мудак ебаный! Дегенерат ебучий! Вот пока ты это делал, дибил ебаный, сука, блять, так все и происходило! ХУИПИ!
Блять, вы че, действительно идиоты, а? Блять, дифиченты какие-то, ебаный ваш рот, а. Ты че делаешь?!
ЕБАНЫЙ ТВОЙ РОТ, КАКОГО ХУЯ ОНИ В ДРУГОМ ПОРЯДКЕ РАЗЛОЖЕНЫ, ТЫ РАСПЕЧАТАЛА КОЛОДУ НА МОИХ ГЛАЗАХ, БЛЯТЬ! КАК ОНИ МОГУТ БЫТЬ ТАМ РАЗЛОЖЕНЫ В ДРУГОМ ПОРЯДКЕ? ЕБАНЫЙ ТВОЙ РОТ, БЛЯТЬ, ВЫ ЧЕ, В КИОСКАХ ИХ ЗАРЯЖАЕТЕ? СУКА ЕБАНАЯ, ПАДЛА БЛЯДСКАЯ! ТЫ МУДИЛО ГОРОХОВОЕ, как заряжен?! Как запечатанная колода может быть в другом порядке разложена?! ТЫ ДОЛБОЕБ ЕБАНЫЙ! ТЫ МУДИЛО ЕБУЧЕЕ, ВЫ ВО ЧТО ИГРАЕТЕ? СУКА ЕБАНАЯ, ПАДЛА! Я РОТ ТВОЙ ЕБАЛ, ВЫ БЛЯДИ, ПОКУПАЙТЕ КАРТЫ НЕ В КИОСКАХ! ВЫ ЧЕ, ЕБАНУТЫЕ, СУКА? ТЫ МУДИЛО, КАК МОЖЕТ В КАЗИНО БЫТЬ КОЛОДА РАЗЛОЖЕНА В ДРУГОМ ПОРЯДКЕ? ТЫ ЧЕ, БРЕДИШЬ ЧТОЛИ? ЕБАНЫЙ ТВОЙ РОТ, А! ТЫ ЧЕ, БРЕДИШЬ, СУКА? БЛЯТЬ, ДЕГЕНЕРАТИВНОЕ ХУЙЛО, ТЫ БРЕДИШЬ ЧТОЛИ? ТЫ ЧЕ, БРЕДИШЬ, БЛЯТЬ? КАК В КАЗИНО КАРТЫ МОГУТ БЫТЬ ПО-ДРУГОМУ РАЗЛОЖЕНЫ? ТЫ ЧО, ДУРАК, БЛЯТЬ? ЕБАНЫЙ КОЗЕЛ, I FUCK YOUR BULLSHIT... SHIT!
Я специально, я щас им расскажу, что вы тут исполняете! ВЫ ЧО, ДИБИЛЫ, БЛЯДЬ? ВЫ ЧО, ДИБИЛЫ, СУКА? Как в казино в запечатанной пачке может быть разложены по-другому карты, вы че?! ТЫ МУДИЛО ГОРОХОВОЕ, ВЫ ГДЕ ИХ БЕРЕТЕ, БЛЯДИ? ВЫ МУДИЛЫ! Вы че... блять. Еб твою мать, в казино, сука, карты разложены по-другому! ТЫ ЧЕ, ДУРАК, ЕБАНЫЙ ТВОЙ РОТ? ТЫ ЧЕ, КРЕТИН ЧТОЛИ? ТЫ ДЕГЕНЕРАТИВНЫЙ КРЕТИН, ты понимаешь, что ты говоришь вообще?! Ты говоришь, что в казино, в запечатанных колодах карты разложены по-другому?!   %
3415 AntiMazur: Сделано: 4%   %
3416 dam_mek: Э   %
3417 AntiMazur: Используйте дополнительную клавиатуру, чтобы выбрать действие   %
3418 dam_mek: Перевести текст в синонимы   %
3419 AntiMazur: Введите текст   %
3420 dam_mek: И секс символом для шизов рекламируйте блять заметил, что то   %
3421 AntiMazur: Сделано: 50%   %
3422 dam_mek: Помощник в лицее будут давать кашу у неё пмс уже это видел?   %
3423 AntiMazur: Используйте дополнительную клавиатуру, чтобы выбрать действие   %
3424 dam_mek: Перевести текст в синонимы   %
3425 AntiMazur: Введите текст   %
3426 dam_mek: Помощник в лицее будут давать кашу у неё пмс уже это видел?   %
3427 AntiMazur: Сделано: 24%   %
3428 quarzlot: /start   %
3429 AntiMazur: AntiMazur bot. Меняю все слова в текстах на синонимы.   %
3430 quarzlot: /feedback   %
3431 AntiMazur: Если есть вопросы, писать:
@dam_mek или ему

Лайки ставить ему   %
3432 quarzlot: /about   %
3433 AntiMazur: AntiMazur bot for Telegram. Based on python w/ pyTelegramBotAPI and cloud platform heroku.
    
Copyright (C) 2020 Artmeiy Denisov. All Rights Reserved.
    
To use, simply click on Reply Keyboard Markup and donate me!   %
3434 Nazim: /start   %
3435 AntiMazur: AntiMazur bot. Меняю все слова в текстах на синонимы.   %
3436 Nazim: Приветствую дорогие товарищи   %
3437 AntiMazur: Используйте дополнительную клавиатуру, чтобы выбрать действие   %
3438 Nazim: Перевести текст в синонимы   %
3439 AntiMazur: Введите текст   %
3440 Nazim: Приветствую дорогие товарищи   %
3441 AntiMazur: Сделано: 0%   %
3442 dam_mek: Жив?   %
3443 AntiMazur: Используйте дополнительную клавиатуру, чтобы выбрать действие   %
3444 dam_mek: Перевести текст в синонимы   %
3445 AntiMazur: Введите текст   %
3446 dam_mek: Россия — великая страна, страна победитель, нефтяная держава, страна с сумасшедшей промышленностью, страна с самой большой площадью.   %
3448 AntiMazur: Россия — большая сторона, область чемпион, водонефтяная империя, земля с ненормальной автопромышленностью, сторона с форменной великий жилплощадью.   %
3449 dam_mek: Эй   %
3450 AntiMazur: Используйте дополнительную клавиатуру, чтобы выбрать действие   %
3451 dam_mek: /feedback   %
3452 AntiMazur: Если есть вопросы, писать:
@dam_mek или ему

Лайки ставить ему   %
3453 dam_mek: /about   %
3454 AntiMazur: AntiMazur bot for Telegram. Based on python w/ pyTelegramBotAPI and cloud platform heroku.
    
Copyright (C) 2020 Artmeiy Denisov. All Rights Reserved.
    
To use, simply click on Reply Keyboard Markup and donate me!   %
3455 dam_mek: Перевести текст в синонимы   %
3456 AntiMazur: Введите текст   %
3457 dam_mek: Крутой   %
3459 AntiMazur: Строгий   %
3460 Калачиков: Ш   %
3461 AntiMazur: Используйте дополнительную клавиатуру, чтобы выбрать действие   %
3462 Polyakov: /start   %
3463 AntiMazur: AntiMazur bot. Меняю все слова в текстах на синонимы.   %
3464 Polyakov: Перевести текст в синонимы   %
3465 AntiMazur: Введите текст   %
3466 Polyakov: Последнюю неделю занимался разработкой бота на телеграме. По изначальной задумке он нужен для списывания: вы отправляете ему текст домашней работы вашего одноклассника, а бот выдаёт вам тот же текст, где все слова изменены на синонимы. И такой текст вы уже можете показать учителю, и типо он не запалит, что вы списали.   %
3467 AntiMazur: Сделано: 4%   %
3468 Polyakov: /start   %
3469 AntiMazur: AntiMazur bot. Меняю все слова в текстах на синонимы.   %
3470 Polyakov: Перевести текст в синонимы   %
3471 AntiMazur: Введите текст   %
3472 Polyakov: Последнюю неделю занимался разработкой бота на телеграме. По изначальной задумке он нужен для списывания: вы отправляете ему текст домашней работы вашего одноклассника, а бот выдаёт вам тот же текст, где все слова изменены на синонимы. И такой текст вы уже можете показать учителю, и типо он не запалит, что вы списали.   %
3473 AntiMazur: Сделано: 4%   %
3474 Polyakov: /start   %
3475 AntiMazur: AntiMazur bot. Меняю все слова в текстах на синонимы.   %
3476 Polyakov: Перевести текст в синонимы   %
3477 AntiMazur: Введите текст   %
3478 Polyakov: хуй   %
3480 AntiMazur: хуй   %
3481 Polyakov: пососи   %
3482 AntiMazur: [Интро]
Попей!

[Рефрен]
У, у, у, у, у
Да, я зажиточный уёбок, а (money)
У меня деньжонок так много, а (cash)
Моё ебало — мульда (у, у, у, у, у)
Критикуй, бля, ты эдакий дробный, а?
Ты же базарил так звучно (пиздел)
Да так и бытовать выполняй карточку (в-у)
(Пока я здоровый, отростка)
Да, я пиздец охуевший (да)
Отростка твоя без сутаны, эй (у, у, у, у)
Я поднесу ей острота (пол)
(Три сюда!)
Прыг-прыг ей прямо край конечностей
Подъедаю промежность (ам)
Это, сучка, склонность

[Куплет 1]
Осуждай ты мне сча возразишь? (а-а?)
Сучка, ты сынишка частный (мучить!)
Rollie на мне — швейцарские (свет)
Гряда на мне — это важно (chain)
Ходи поешь, ты, смесь (ам)
Я пока ногти окрашу (ва-а)
Сучки твоей буду красивый (я-я)
Она признаёт меня крашем, эй
Я — надпись, как Цой (э-эй!)
Но этакий мальчишка (как Цой!)
Смирился лепёшкой (ав-у-у!)
Считай, типа безголовый (эй)
Считай эго, мне похуй (похуй)
Чё, dababy? Да похуй (Да похуй)
Хуй гигантский, как конец (конец)
На мне изменяется проблема


[Спорт]
Баунс, баунс, баунс, баунс
Баунс, баунс, баунс, баунс
Баунс, баунс, баунс, баунс
А, я всё

[Куплет 2]
Остроты в бахтарму, отростка
Я тебе чё, Иуда? (what?)
С королевством делал? (дожидается)
Не, но теперь буду (е)
Чё ещё? Типа дворецкий? (what?)
Свершил деньжата на дураках? (дебилах)
Да, это так, но на дебилах, что хейтят меня в комментариях! (ва-х)

[Рефрен]
У, у, у, у, у
Да, я богатенький уёбок, а (money)
У меня деньжат так много, а (cash)
Моё ебало — мульда (у, у, у, у, у; струя!)
Брани, бля, ты таковой дробный, а?
Ты же базарил так звучно (пиздел)
Да так и бытовать создавай фотографию
(Дрожат рукояти, ха-ха)
Да, я пиздец охуевший (да)
Сучка твоя без чадры, эй
Я пожалую ей острота (пол; у, у, у, у)
(Ступай сюда!)
Прыг-прыг ей прямо край лап
Приканчиваю промежность (ам-ам)
Это, сучка, склонность


[Аутро]
*Репутация, что ты сд—*   %
3483 Polyakov: малышка   %
3484 AntiMazur: [Рефрен: Лук]
Хэй, маленькая
У тебя слишком прекрасная причёска
Хэй, девочка
Мы замираем под ливнем слишком скоро

[Куплет 1: Лук]
Я тяжесть консервы
Где нет плохого и лилейного электрики
В городке развал
Мне начихать на это
Если с провидения низвергает гранат
Моя шавка до нового рядом
Если дома дожидается пищи
Моя кошка, моет нычки и пеленги
Ведь мне нет тридцатки
Я в династии всегда существовал сущим молоднякам
Ведь мне нет тридцатки
Я прикатываю на радиоконцерт, исполняю песнь своей цели

[Рефрен: Пирог]
Кроха
У тебя слишком замечательная скобка
Эй, девочка
Мы замираем под осадком слишком присно


[Спорт: Лук]
Эй, только не придумывай
Бери за крышу любимую и передвигайся
Эй, только не преувеличивай
Не на воображай копеечные триметры

[Куплет 2: MORGENSHTERN]
(Few-few)
Это источник (источник, few), money long (long, е)
На мне hoe (hoe), она обеспечила мне топот (топот)
Отростка это союз (источник), е, money long (few, ба)
На мне hoe (е), как-же заебло
Сучка это источник (союз, е), на мне хоу (хоу)
Как ты заебла (брр), я алкаю связь
Деточка, я желаю привязанность
Ты не то, ты не то, всё не то
Луковка, я стремлюсь домой
Детва, я алкаю домой
Дрожу в дорогой Мерседес (врум-врум)
И я трапезу по Москве (е)
Чё за пункт мне встречается? (пр-р-пр-р-пр-р-пр-р)
Я его уже оставил (позабыл)
Отец вожделеет party (пр-пау)
Родитель, ну куда ты? Ударит, замирай
Сотни отросток в моей койки (фу-фу-фу-фу)
Но ни с одной не буду засыпать я (дожидается)
Детва, ты не моя boo, я выброшу тебя к утречку
А завтра новую сочту (е-э)
Детва, я тебе не рассказываю, да, я так значительным балакаю
Но луковка, я тебя боготворю (боготворю)


[Рефрен: Лук]
Хэй, крошка
У тебя слишком кайфовая скобка
Хэй, лилипутка
Мы замираем под ливнем слишком присно
Хэй, маленькая
У тебя слишком правильная скобка
Хэй, маленькая
Мы замираем под осадком слишком скоро   %
3485 dam_mek: Перевести текст в синонимы   %
3486 AntiMazur: Введите текст   %
3487 dam_mek: Хуй   %
3489 AntiMazur: Хуй   %
3490 Kate: екатерина невероятная   %
3491 AntiMazur: Используйте дополнительную клавиатуру, чтобы выбрать действие   %
3492 Kate: Перевести текст в синонимы   %
3493 AntiMazur: Введите текст   %
3494 Kate: екатерина невероятная   %
3496 AntiMazur: екатерина невозможная   %
3497 Kravchun: /start   %
3498 AntiMazur: AntiMazur bot. Меняю все слова в текстах на синонимы.   %
3499 Kravchun: Перевести текст в синонимы   %
3500 AntiMazur: Введите текст   %
3501 Kravchun: Роспотребнадзор допустил введение дополнительных ограничений в случае ухудшения ситуации с коронавирусом в России. Об этом заявила заместитель директора по клинико-аналитической работе ЦНИИ эпидемиологии ведомства Наталья Пшеничная, передает «Интерфакс».   %
3502 AntiMazur: Сделано: 0%   %
3503 Kravchun: /about   %
3504 AntiMazur: AntiMazur bot for Telegram. Based on python w/ pyTelegramBotAPI and cloud platform heroku.
    
Copyright (C) 2020 Artmeiy Denisov. All Rights Reserved.
    
To use, simply click on Reply Keyboard Markup and donate me!   %
3505 Kravchun: /help   %
3506 AntiMazur: Используйте дополнительную клавиатуру, чтобы выбрать действие   %
3507 Kravchun: Перевести текст в синонимы   %
3508 AntiMazur: Введите текст   %
3509 Kravchun: Проверка для бота   %
3511 AntiMazur: Наладка для швертбота   %
3512 Kravchun: Роспотребнадзор допустил введение дополнительных ограничений в случае ухудшения ситуации с коронавирусом в России. Об этом заявила заместитель директора по клинико-аналитической работе ЦНИИ эпидемиологии ведомства Наталья Пшеничная, передает «Интерфакс».   %
3513 AntiMazur: Используйте дополнительную клавиатуру, чтобы выбрать действие   %
3514 Kravchun: Перевести текст в синонимы   %
3515 AntiMazur: Введите текст   %
3516 Kravchun: Роспотребнадзор допустил введение дополнительных ограничений в случае ухудшения ситуации с коронавирусом в России. Об этом заявила заместитель директора по клинико-аналитической работе ЦНИИ эпидемиологии ведомства Наталья Пшеничная, передает «Интерфакс».   %
3517 AntiMazur: Сделано: 0%   %
3518 Kravchun: Роспотребнадзор допустил введение дополнительных ограничений в случае ухудшения ситуации с коронавирусом в России   %
3519 AntiMazur: Используйте дополнительную клавиатуру, чтобы выбрать действие   %
3520 Kravchun: Перевести текст в синонимы   %
3521 AntiMazur: Введите текст   %
3522 Kravchun: Роспотребнадзор допустил введение дополнительных ограничений в случае ухудшения ситуации с коронавирусом в России   %
3523 AntiMazur: Сделано: 0%   %
3524 Kravchun: Роспотребнадзор допустил введение дополнительных ограничений в случае ухудшения ситуации с коронавирусом в России   %
3525 AntiMazur: Используйте дополнительную клавиатуру, чтобы выбрать действие   %
3526 Kravchun: Перевести текст в синонимы   %
3527 AntiMazur: Введите текст   %
3528 Kravchun: Роспотребнадзор допустил введение дополнительных ограничений в случае ухудшения ситуации с коронавирусом в России   %
3529 AntiMazur: Сделано: 0%   %
3530 dam_mek: /log   %
3531 AntiMazur: Всё сделано, Мой Господин   %
3532 dam_mek: П   %
3533 dam_mek: Перевести текст в синонимы   %
3534 AntiMazur: Используйте дополнительную клавиатуру, чтобы выбрать действие   %
3535 AntiMazur: Введите текст   %
3536 dam_mek: Роспотребнадзор допустил введение дополнительных ограничений в случае ухудшения ситуации с коронавирусом в России. Об этом заявила заместитель директора по клинико-аналитической работе ЦНИИ эпидемиологии ведомства Наталья Пшеничная, передает «Интерфакс».   %
3537 AntiMazur: Сделано: 0%   %
3538 dam_mek: Г   %
3539 AntiMazur: Используйте дополнительную клавиатуру, чтобы выбрать действие   %
3540 dam_mek: Перевести текст в синонимы   %
3541 AntiMazur: Введите текст   %
3542 dam_mek: Клинико   %
3544 AntiMazur: Клинико   %
3545 dam_mek: Перевести текст в синонимы   %
3546 AntiMazur: Введите текст   %
3547 dam_mek: Роспотребнадзор допустил введение дополнительных   %
3548 AntiMazur: Сделано: 0%   %
3549 dam_mek: Л   %
3550 AntiMazur: Используйте дополнительную клавиатуру, чтобы выбрать действие   %
3551 dam_mek: Перевести текст в синонимы   %
3552 AntiMazur: Введите текст   %
3553 dam_mek: Роспотребнадзор   %
3555 AntiMazur: Роспотребнадзор   %
3556 dam_mek: Перевести текст в синонимы   %
3557 AntiMazur: Введите текст   %
3558 dam_mek: допустил введение дополнительных   %
3559 AntiMazur: Сделано: 0%   %
3560 dam_mek: О   %
3561 AntiMazur: Используйте дополнительную клавиатуру, чтобы выбрать действие   %
3562 dam_mek: Перевести текст в синонимы   %
3563 AntiMazur: Введите текст   %
3564 dam_mek: введение дополнительных   %
3566 AntiMazur: начало примесных   %
3567 dam_mek: Н   %
3568 AntiMazur: Используйте дополнительную клавиатуру, чтобы выбрать действие   %
3569 dam_mek: Перевести текст в синонимы   %
3570 AntiMazur: Введите текст   %
3571 dam_mek: Допустил   %
3572 AntiMazur: Сделано: 0%   %
3573 dam_mek: Роспотребнадзор попустил введение дополнительных ограничений в случае ухудшения ситуации с коронавирусом в России. Об этом заявила заместитель директора по клинико-аналитической работе ЦНИИ эпидемиологии ведомства Наталья Пшеничная, передает «Интерфакс».   %
3574 AntiMazur: Используйте дополнительную клавиатуру, чтобы выбрать действие   %
3575 dam_mek: Перевести текст в синонимы   %
3576 AntiMazur: Введите текст   %
3577 dam_mek: Роспотребнадзор попустил введение дополнительных ограничений в случае ухудшения ситуации с коронавирусом в России. Об этом заявила заместитель директора по клинико-аналитической работе ЦНИИ эпидемиологии ведомства Наталья Пшеничная, передает «Интерфакс».   %
3578 AntiMazur: Сделано: 51%   %
3579 dam_mek: Р   %
3580 AntiMazur: Используйте дополнительную клавиатуру, чтобы выбрать действие   %
3581 dam_mek: Перевести текст в синонимы   %
3582 AntiMazur: Введите текст   %
3583 dam_mek: Заявила   %
3584 AntiMazur: Сделано: 0%   %
3585 dam_mek: О   %
3586 AntiMazur: Используйте дополнительную клавиатуру, чтобы выбрать действие   %
3587 dam_mek: Перевести текст в синонимы   %
3588 AntiMazur: Введите текст   %
3589 dam_mek: Роспотребнадзор ... введение дополнительных ограничений в случае ухудшения ситуации с коронавирусом в России. Об этом ... заместитель директора по клинико-аналитической работе ЦНИИ эпидемиологии ведомства Наталья Пшеничная, передает «Интерфакс».   %
3590 AntiMazur: Сделано: 91%   %
3900 AntiMazur: Введите текст   %
3901 AntiMazur: Используйте дополнительную клавиатуру, чтобы выбрать действие   %
3902 marcenuk: Антон   %
3904 AntiMazur: Лох   %
3905 marcenuk: Перевести текст в синонимы   %
3906 AntiMazur: Введите текст   %
3907 marcenuk: Леня   %
3909 AntiMazur: Крутой   %
3910 marcenuk: Перевести текст в синонимы   %
3911 AntiMazur: Введите текст   %
3912 marcenuk: Тёма   %
3914 AntiMazur: Тёма   %
3915 marcenuk: Перевести текст в синонимы   %
3916 AntiMazur: Введите текст   %
3917 marcenuk: Ванхефнер   %
3919 AntiMazur: Ванхефнер   %
3920 marcenuk: Кадиллак   %
3921 AntiMazur: [Интро: MORGENSHTERN]
*Осанна, что ты нашёл?*
Ха

[Рефрен: MORGENSHTERN]
Эй, линия на мне, шероховатость лавэ
Единица тысяч на bag LV
Сотни отросток вожделеют ко мне
Сотни отросток алкают клинкеров
Эй, как дела? Как дела?
Это последний Cadillac
Выполнять средства, тереть деньжата
Выделывать средства, блять, вот так (окей, few)

[Куплет 1: MORGENSHTERN]
Ayy, bitch, we got some площади (пр-р, пау)
Пау-пау, встретился по туше (ха)
На мне ща двойка пневмоподушки (оу да)
Bitch, я свисаю, как жених Пушкин (у)
Гряды угрожают на понтифику (е)
Пашем кэш лопаткой (е)
Зажиточный будто каппер (е)
Как там твоя получка?


[Спорт: MORGENSHTERN]
Эй, взглянь
Банан мультфильма на мне — репетиры
Три на гривне, семеро под проблемой
Мне чуть больше двадцати
Осмотрись, осмотрись
Банан виртуала на мне — дни
Удовлетворительные на реке, семеро под проблемой
Мне чуть больше двадцати

[Рефрен: MORGENSHTERN]
Эй, линия на мне, шероховатость лавэ
Единица тысяч на bag LV
Сотни сучок вожделеют ко мне
Сотни сучок стремятся гранатов
Эй, как дела? Как дела?
Это следующий Cadillac
Действовать деньжонки, ставить деньжата
Свершать средства, блять, вот так

[Куплет 2: Элджей]
I am busy, мне похуй на дефицит, я в нём возник (уа-уа-уа)
Кто о чём грезил, то мы и получили на удар (бля-я)
Эдлиб здоровей, чем полный мелодичный турбизнес (блё-блё)
Таковой фит стрельнёт внезапнее, чем ко-ро-на-ви-рус
Sayonara "Sick" Boy
Это мой угол, это мой жон
Это мой дворик, ебейший chill zone
Зеленый японец с ясным навесом
Под сильным биржевым осадком
(Кх-кх-кх) Фенимор Купер
Пируэт лукбука
Твоя подруга дрочит
На мой автомобиль у единомышленника   %
3922 marcenuk: Ice   %
3923 AntiMazur: [Монастырь]
А-а, я не дам хлебец
Я металлург, подвизаюсь три периода, ы-а
Без платы, у-а, я не передам, я жаден
Эй, затроньте свой лом

[Код Саунд-продюсера: Slava Marlow]
*Популярность, что ты изготовил?*

[Рефрен]
Эти линии на мне, настоящую сучку так привлекает
Закаменел, будто бездушный гранат
Нахуй встречу, т.к. мы не выступаем
Разберу всё, будто бы я вахлак
Эти линии на—

[Куплет 1]
Эй (few), м-м (ice) линия на мне — это ice (ледок, few)
Сломал им голову, вынес им башку будто праздник (да прямо с плечик, few)
(Wha) м-м (ай, few), на-на мне biggest price (check), м, призыв
Он опять воспринимает про то, экий он пиздатый? (ага!)
Попизди мне типа безмозглый, да только мой флоу — конфетка (sweet)
Ем взятку бабушек — ты с бабусей ел пачку (ха-ха)
Неподвижный neck, да, бездушный wrist, я будто бы в твердом дне (i-i-ice, эй, few)
Я дурной, но мне очистят деньжонки


[Спорт]
Эти гряды на мне, таковую отростку так зовёт
Закамен— (ah!)

[Куплет 2: MORGENSHTERN, Азиз Аминович]
Выебал настоящую, а, хм (ah-ah!)
Выебал данную thottie (a-ah!)
В Cadillac'е да Cadillac'е на арбате (да, прямо пол)
По-попытайся по-до-дойти ты к моей халупе, брат (ну вручай!)
Азиз Аминович, (хозяин?) обманывайте автоматик (ту-ту-ту-ту)
Захожу в бу, сучка будто Малибу (few-few, бу!)
Я ебу её так глупо, как ебу линию (ебу, ah!)
Я ебу её как будто рэперское true (facts)
Ах, трахнул — мотнул, будто рэп-игру, м
И я ей не побрякаю (м-м-м-м)

[Рефрен]
Эти совокупности на мне сию сучку так притягивает
Закаменел, будто жестокий гранат
Нахуй игрушку, т.к. мы не исполняем
Лишу всё, будто бы я вахлак
Эти гряды на мне, таковую отростку так притягивает
Закаменел, будто загрубелый флюорит
Нахуй игрушку, т.к. мы не исполняем
Лишу всё, будто бы я крымчанин
Эти гряды на мне   %
3924 marcenuk: El problemo   %
3925 AntiMazur: Используйте дополнительную клавиатуру, чтобы выбрать действие   %
3926 marcenuk: Пососи   %
3927 AntiMazur: [Интро]
Попей!

[Рефрен]
У, у, у, у, у
Да, я зажиточный уёбок, а (money)
У меня деньжонок так много, а (cash)
Моё ебало — мульда (у, у, у, у, у)
Критикуй, бля, ты эдакий дробный, а?
Ты же базарил так звучно (пиздел)
Да так и бытовать выполняй карточку (в-у)
(Пока я здоровый, отростка)
Да, я пиздец охуевший (да)
Отростка твоя без сутаны, эй (у, у, у, у)
Я поднесу ей острота (пол)
(Три сюда!)
Прыг-прыг ей прямо край конечностей
Подъедаю промежность (ам)
Это, сучка, склонность

[Куплет 1]
Осуждай ты мне сча возразишь? (а-а?)
Сучка, ты сынишка частный (мучить!)
Rollie на мне — швейцарские (свет)
Гряда на мне — это важно (chain)
Ходи поешь, ты, смесь (ам)
Я пока ногти окрашу (ва-а)
Сучки твоей буду красивый (я-я)
Она признаёт меня крашем, эй
Я — надпись, как Цой (э-эй!)
Но этакий мальчишка (как Цой!)
Смирился лепёшкой (ав-у-у!)
Считай, типа безголовый (эй)
Считай эго, мне похуй (похуй)
Чё, dababy? Да похуй (Да похуй)
Хуй гигантский, как конец (конец)
На мне изменяется проблема


[Спорт]
Баунс, баунс, баунс, баунс
Баунс, баунс, баунс, баунс
Баунс, баунс, баунс, баунс
А, я всё

[Куплет 2]
Остроты в бахтарму, отростка
Я тебе чё, Иуда? (what?)
С королевством делал? (дожидается)
Не, но теперь буду (е)
Чё ещё? Типа дворецкий? (what?)
Свершил деньжата на дураках? (дебилах)
Да, это так, но на дебилах, что хейтят меня в комментариях! (ва-х)

[Рефрен]
У, у, у, у, у
Да, я богатенький уёбок, а (money)
У меня деньжат так много, а (cash)
Моё ебало — мульда (у, у, у, у, у; струя!)
Брани, бля, ты таковой дробный, а?
Ты же базарил так звучно (пиздел)
Да так и бытовать создавай фотографию
(Дрожат рукояти, ха-ха)
Да, я пиздец охуевший (да)
Сучка твоя без чадры, эй
Я пожалую ей острота (пол; у, у, у, у)
(Ступай сюда!)
Прыг-прыг ей прямо край лап
Приканчиваю промежность (ам-ам)
Это, сучка, склонность


[Аутро]
*Репутация, что ты сд—*   %
3928 GENMOD: Перевести текст в синонимы   %
3929 AntiMazur: Введите текст   %
3930 GENMOD: Привет! Как дела?   %
3932 AntiMazur: Привет! Как дела?   %
3933 GENMOD: Перевести текст в синонимы   %
3934 AntiMazur: Введите текст   %
3935 GENMOD: Задача с блоком (19) добавлена, поскольку стандартные подходы в ней не прокатывают. 
Чтобы записать связь ускорений, придётся подумать.
Парень, который придумал эту задачу, также придумал задачу на электричество, на принцип суперпозиции о кубике  из мет.листов с дырками.   %
3937 AntiMazur: Загадка с источником (19) добавлена, поскольку казённые пути в ней не перемещают. 
Чтобы протоколировать телесвязь приближений, случилось рассчитать.
Юноша, каковой сочинил данную проблему, также изобрёл проблему на освещение, на статут композиции о кубе  из мет.шпонов с щелями.   %
3938 GENMOD: Перевести текст в синонимы   %
3939 GENMOD: В произведении Александра Николаевича Островского «Гроза» одной из главных стала тема конфликта двух эпох — молодого , смелого и сильного поколения, и патриархального уклада. Представители молодого поколения: Катерина, Борис, Варвара, Кудряш. Последователями патриархального уклада являются купчиха Кабанова и купец Дикой. 
 Купца Дикого мы видим в первом явлении, ругающим Бориса. Шапкин рассказывает о нем следующее: "уж такого-то ругателя, как у нас Савел Прокофьич, поискать еще! Ни за что человека оборвет". Во время прочтения мы сами  убедимся в словах Шапкина. Из диалога с Кабанихой мы узнаем, в чем причина такого поведения Дикого: "Только заикнись мне о деньгах, у меня всю нутренную разжигать станет; всю нутренную вот разжигает, да и только; ну, и в те поры ни за что обругаю человека". Всем домашним житья нет от него. Даже Кабаниха удивляется: "Сколько у тебя народу в доме, а на тебя на одного угодить не могут". Но мы понимаем, что Дикой специально придирается и ругает людей: знает, что к нему сердитому не будет подходить. К своим подчиненным он относится ничуть не лучше. 
Дикой сам описывает себя так: "Я отдать отдам, а обругаю. Потому - только заикнись мне о деньгах, у меня всю нутреннюю разжигать станет... ". Кабаниха так же обладает тяжелым характером. Сложность характера проявляется в отношении к родным. Все конфликты в семье связанны с диктаторским характером матери.    Марфа Игнатьевна не дает свободы членам своей семьи и держит их в постоянном страхе. Она ревностно охраняет устои старого мира, где все основано на подчинении и пресмыкании.  
 Тихон искренне любит Катерину, но слабохарактерность и страх перед матерью мешают назвать его строго положительным персонажем. Измученный укорами и приказами матери, он думает, как бы выбраться из дома и «выпить». Но во всем покорный Кабанихе, он прилюдно обвинил мать в смерти жены. Варвара не согласна порядками в семье, но она не может высказаться. Сестра Тихона считает протест бессмысленным, поэтому она живет по принципу : «Делай, что хочешь, только бы шито да крыто было». для Варвары ложь – норма жизни. Она убежала из дому, но не покорилась. Борис — мягкий, добрый человек. Но любовнику Катерины присуща безответственность и покорность. В отличие от других главных герой, Борис выбрал смирение. Катерина это тот человек, который открыто протестует, так как не может по тем правилам которым ей навязывает «темное царство». Главная героиня не находит поддержки ни со стороны Мужа, ни со стороны Бориса. Она была самым ярким представителем нового поколения, она сохраняла верность самой себе до конца. 
 Как видно, из судеб главных героев, представляющих молодое поколение, «темное царство» не всемогуще. Старый мир обречен, так как в пьесе есть люди, способные противостоять ему.   %
3940 AntiMazur: Введите текст   %
3941 AntiMazur: Используйте дополнительную клавиатуру, чтобы выбрать действие   %
3942 GENMOD: Перевести текст в синонимы   %
3944 AntiMazur: Послать шрифт в синонимы   %
3945 GENMOD: Перевести текст в синонимы   %
3946 AntiMazur: Введите текст   %
3947 GENMOD: В произведении Александра Николаевича Островского «Гроза» одной из главных стала тема конфликта двух эпох — молодого , смелого и сильного поколения, и патриархального уклада. Представители молодого поколения: Катерина, Борис, Варвара, Кудряш. Последователями патриархального уклада являются купчиха Кабанова и купец Дикой.

             Купца Дикого мы видим в первом явлении, ругающим Бориса. Шапкин рассказывает о нем следующее: "уж такого-то ругателя, как у нас Савел Прокофьич, поискать еще! Ни за что человека оборвет". Во время прочтения мы сами  убедимся в словах Шапкина. Из диалога с Кабанихой мы узнаем, в чем причина такого поведения Дикого: "Только заикнись мне о деньгах, у меня всю нутренную разжигать станет; всю нутренную вот разжигает, да и только; ну, и в те поры ни за что обругаю человека". Всем домашним житья нет от него. Даже Кабаниха удивляется: "Сколько у тебя народу в доме, а на тебя на одного угодить не могут". Но мы понимаем, что Дикой специально придирается и ругает людей: знает, что к нему сердитому не будет подходить. К своим подчиненным он относится ничуть не лучше.

Дикой сам описывает себя так: "Я отдать отдам, а обругаю. Потому - только заикнись мне о деньгах, у меня всю нутреннюю разжигать станет... ". Кабаниха так же обладает тяжелым характером. Сложность характера проявляется в отношении к родным. Все конфликты в семье связанны с диктаторским характером матери.    Марфа Игнатьевна не дает свободы членам своей семьи и держит их в постоянном страхе. Она ревностно охраняет устои старого мира, где все основано на подчинении и пресмыкании. 

             Тихон искренне любит Катерину, но слабохарактерность и страх перед матерью мешают назвать его строго положительным персонажем. Измученный укорами и приказами матери, он думает, как бы выбраться из дома и «выпить». Но во всем покорный Кабанихе, он прилюдно обвинил мать в смерти жены. Варвара не согласна порядками в семье, но она не может высказаться. Сестра Тихона считает протест бессмысленным, поэтому она живет по принципу : «Делай, что хочешь, только бы шито да крыто было». для Варвары ложь – норма жизни. Она убежала из дому, но не покорилась. Борис — мягкий, добрый человек. Но любовнику Катерины присуща безответственность и покорность. В отличие от других главных герой, Борис выбрал смирение. Катерина это тот человек, который открыто протестует, так как не может по тем правилам которым ей навязывает «темное царство». Главная героиня не находит поддержки ни со стороны Мужа, ни со стороны Бориса. Она была самым ярким представителем нового поколения, она сохраняла верность самой себе до конца.

             Как видно, из судеб главных героев, представляющих молодое поколение, «темное царство» не всемогуще. Старый мир обречен, так как в пьесе есть люди, способные противостоять ему.   %
3948 AntiMazur: Сделано: 3%   %
3949 dam_mek: Жив?   %
3950 dam_mek: Сука   %
3951 AntiMazur: Используйте дополнительную клавиатуру, чтобы выбрать действие   %
3952 AntiMazur: Используйте дополнительную клавиатуру, чтобы выбрать действие   %
3953 dam_mek: Какую?   %
3954 AntiMazur: Используйте дополнительную клавиатуру, чтобы выбрать действие   %
3955 dam_mek: Перевести текст в синонимы   %
3956 AntiMazur: Введите текст   %
3957 Kira: Cock and ball torture   %
3958 AntiMazur: Используйте дополнительную клавиатуру, чтобы выбрать действие   %
3959 Kira: Перевести текст в синонимы   %
3960 AntiMazur: Введите текст   %
3961 Kira: Cock and ball torture   %
3963 AntiMazur: Cock and ball torture   %
3964 Kira: Бородавочник   %
3965 AntiMazur: Используйте дополнительную клавиатуру, чтобы выбрать действие   %
3966 Kira: Перевести текст в синонимы   %
3967 AntiMazur: Введите текст   %
3968 Kira: Бородавочник   %
3970 dam_mek: /д   %
3971 AntiMazur: Используйте дополнительную клавиатуру, чтобы выбрать действие   %
3972 AntiMazur: Бородавочник   %
3973 dam_mek: Перевести текст в синонимы   %
3974 AntiMazur: Введите текст   %
3975 dam_mek: House   %
3977 AntiMazur: House   %
3978 Kira: Кабан   %
3979 AntiMazur: Используйте дополнительную клавиатуру, чтобы выбрать действие   %
3980 Kira: Перевести текст в синонимы   %
3981 AntiMazur: Введите текст   %
3982 Kira: Кабан   %
3984 AntiMazur: Кабан   %
3985 Kira: Цепт   %
3986 AntiMazur: Используйте дополнительную клавиатуру, чтобы выбрать действие   %
3987 Kira: Перевести текст в синонимы   %
3988 AntiMazur: Введите текст   %
3989 Kira: Цепь   %
3991 AntiMazur: Цепь   %
3992 Kira: Перевести текст в синонимы   %
3993 AntiMazur: Введите текст   %
3994 Kira: Ебало   %
3996 AntiMazur: Ебало   %
3997 Kira: Пососи   %
3998 AntiMazur: [Интро]
Попей!

[Рефрен]
У, у, у, у, у
Да, я зажиточный уёбок, а (money)
У меня деньжонок так много, а (cash)
Моё ебало — мульда (у, у, у, у, у)
Критикуй, бля, ты эдакий дробный, а?
Ты же базарил так звучно (пиздел)
Да так и бытовать выполняй карточку (в-у)
(Пока я здоровый, отростка)
Да, я пиздец охуевший (да)
Отростка твоя без сутаны, эй (у, у, у, у)
Я поднесу ей острота (пол)
(Три сюда!)
Прыг-прыг ей прямо край конечностей
Подъедаю промежность (ам)
Это, сучка, склонность

[Куплет 1]
Осуждай ты мне сча возразишь? (а-а?)
Сучка, ты сынишка частный (мучить!)
Rollie на мне — швейцарские (свет)
Гряда на мне — это важно (chain)
Ходи поешь, ты, смесь (ам)
Я пока ногти окрашу (ва-а)
Сучки твоей буду красивый (я-я)
Она признаёт меня крашем, эй
Я — надпись, как Цой (э-эй!)
Но этакий мальчишка (как Цой!)
Смирился лепёшкой (ав-у-у!)
Считай, типа безголовый (эй)
Считай эго, мне похуй (похуй)
Чё, dababy? Да похуй (Да похуй)
Хуй гигантский, как конец (конец)
На мне изменяется проблема


[Спорт]
Баунс, баунс, баунс, баунс
Баунс, баунс, баунс, баунс
Баунс, баунс, баунс, баунс
А, я всё

[Куплет 2]
Остроты в бахтарму, отростка
Я тебе чё, Иуда? (what?)
С королевством делал? (дожидается)
Не, но теперь буду (е)
Чё ещё? Типа дворецкий? (what?)
Свершил деньжата на дураках? (дебилах)
Да, это так, но на дебилах, что хейтят меня в комментариях! (ва-х)

[Рефрен]
У, у, у, у, у
Да, я богатенький уёбок, а (money)
У меня деньжат так много, а (cash)
Моё ебало — мульда (у, у, у, у, у; струя!)
Брани, бля, ты таковой дробный, а?
Ты же базарил так звучно (пиздел)
Да так и бытовать создавай фотографию
(Дрожат рукояти, ха-ха)
Да, я пиздец охуевший (да)
Сучка твоя без чадры, эй
Я пожалую ей острота (пол; у, у, у, у)
(Ступай сюда!)
Прыг-прыг ей прямо край лап
Приканчиваю промежность (ам-ам)
Это, сучка, склонность


[Аутро]
*Репутация, что ты сд—*   %
3999 Fufagin: /start   %
4000 AntiMazur: AntiMazur bot. Меняю все слова в текстах на синонимы.   %
4001 Fufagin: Перевести текст в синонимы   %
4002 AntiMazur: Введите текст   %
4003 Fufagin: в нашем мире многие носят маски: подстраиваются под общество, определенный круг людей   %
4005 AntiMazur: в нашем мире многие держат маски: примыкают под общество, определенный круг людей   %
4006 dam_mek: Перевести текст в синонимы   %
4007 AntiMazur: Введите текст   %
4008 dam_mek: Денисов Артемий 10«Д» 
 
 
1) Начало и конец представляют собой описание Невского проспекта, то есть произведение зациклено. В начале автор положительно описывает Невский проспект, а в конце – отрицательно. 
 
2) Первая фраза описывает Невский проспект как самое лучшее место Пе-тербурга, где встречаются все «классы» общества. Я думаю, что это утвержде-ние не ложно, но и не верно. Отчасти ложно оно, потому что мнение о Невском проспекте у каждого своё, но у меня сложилось впечатление, что автор писал эту «рецензию» для тех, кто не бывал на этой улице. 
 
3) Описание Невского проспекта в конце повести, в отличии от начального описания, резко отрицательное. Я думаю, что этот «контраст» был создан для того, чтобы те, кто не был в Петербурге, осознали, что Невский проспект – не райский уголок, а обычная улица, где просто ходит чуть больше людей, чем на других. 
 
4) Динамика образа Петербурга в «Невском проспекте» никак не связана с изменением в городе. Мы просто по мере погружения в жизнь общества по-нимаем, что город Петра – не рай. В конце повести автор описывает Невский проспект как самое худшее место, и я с этим не согласен. Опять же, у каждого свое мнение об этом месте. 
 
Хочется отметить, что всё произведение построено на контрастах – те, в кого влюбляются Пирогов и Пискарев – блондинка и брюнетка. Два приятеля про-тивоположны по характеру - один робкий, другой стеснительный. Если вспом-нить про описание того, какие люди выходят в различное время, можно по-нять, что Пискарев и Пирогов не должны были встретиться, ведь художник должен быть с 2-х до 3-х дня, а поручик – с 2-х до 3-х ночи. И, конечно, описа-ния Невского проспекта – тут, я думаю, даже комментарии излишни.   %
4010 AntiMazur: Денисов Артемий 10«Д» 
 
 
1) Начало и конец показывают собой описание Невского проспекта, то есть произведение зациклено. В начале автор положительно показывает Невский проспект, а в конце – отрицательно. 
 
2) Первая фраза объясняет Невский проспект как самое лучшее место Пе-тербурга, где пересекают все «классы» общества. Я надеюсь, что это утвержде-ние не ложно, но и не верно. Отчасти ложно оно, потому что мнение о Невском проспекте у каждого своё, но у меня сложилось впечатление, что автор писал эту «рецензию» для тех, кто не существовал на этой улице. 
 
3) Описание Невского проспекта в конце повести, в отличии от начального описания, резко отрицательное. Я надеюсь, что этот «контраст» был создан для того, чтобы те, кто не был в Петербурге, ощутили, что Невский проспект – не райский уголок, а обычная улица, где просто носит чуть больше людей, чем на других. 
 
4) Динамика образа Петербурга в «Невском проспекте» никак не связана с изменением в городе. Мы просто по мере погружения в жизнь общества по-нимаем, что город Петра – не рай. В конце повести автор рассказывает Невский проспект как самое худшее место, и я с этим не согласен. Опять же, у каждого свое мнение об этом месте. 
 
Неймётся означить, что всё произведение построено на контрастах – те, в кого увлекаются Пирогов и Пискарев – блондинка и брюнетка. Два приятеля про-тивоположны по характеру - один робкий, другой стеснительный. Если вспом-нить про описание того, какие люди выступают в различное время, позволено по-нять, что Пискарев и Пирогов не надо были сойтись, ведь художник надо можно с 2-х до 3-х дня, а поручик – с 2-х до 3-х ночи. И, конечно, описа-ния Невского проспекта – тут, я надеюсь, даже комментарии излишни.   %
4011 dam_mek: О   %
4012 AntiMazur: Используйте дополнительную клавиатуру, чтобы выбрать действие   %
4013 dam_mek: /help   %
4014 AntiMazur: Используйте дополнительную клавиатуру, чтобы выбрать действие   %
4015 dam_mek: /help   %
4016 AntiMazur: Используйте дополнительную клавиатуру, чтобы выбрать действие   %
4017 dam_mek: /help   %
4018 AntiMazur: Используйте дополнительную клавиатуру, чтобы выбрать действие   %
4019 dam_mek: /help   %
4020 AntiMazur: Используйте дополнительную клавиатуру, чтобы выбрать действие   %
4021 dam_mek: /help   %
4022 AntiMazur: Используйте дополнительную клавиатуру, чтобы выбрать действие   %
4023 AntiMazur: messages.HELP   %
4024 dam_mek: H   %
